<?xml version="1.0" encoding="UTF-8"?>
<robot generator="Robot 4.0.3 (Python 3.8.10 on win32)" generated="20210704 18:11:06.543" rpa="false" schemaversion="2">
<suite id="s1" name="If" source="C:\Projetos\PrimeExperts_junho_28_2021\if\if.robot">
<test id="s1-t1" name="Porta da esperanca">
<kw name="Eu tenho a porta">
<arg>3</arg>
<kw name="Quem manda e o Silvio Santos &quot;${depende_da_porta_escolhida}&quot;" sourcename="Quem manda e o Silvio Santos &quot;${porta_escolhida}&quot;">
<kw name="Set Variable" library="BuiltIn">
<var>${mensagem_vencedora}</var>
<arg>Parabéns, você ganhou 1 milhão de reais!</arg>
<doc>Returns the given values which can then be assigned to a variables.</doc>
<msg timestamp="20210704 18:11:06.724" level="INFO">${mensagem_vencedora} = Parabéns, você ganhou 1 milhão de reais!</msg>
<status status="PASS" starttime="20210704 18:11:06.723" endtime="20210704 18:11:06.724"/>
</kw>
<if>
<branch type="IF" condition="${porta_escolhida} == ${1}">
<kw name="Log To Console" library="BuiltIn">
<arg>${mensagem_vencedora}</arg>
<doc>Logs the given message to the console.</doc>
<status status="NOT RUN" starttime="20210704 18:11:06.727" endtime="20210704 18:11:06.727"/>
</kw>
<status status="NOT RUN" starttime="20210704 18:11:06.726" endtime="20210704 18:11:06.727"/>
</branch>
<branch type="ELSE IF" condition="${porta_escolhida} == ${3}">
<kw name="Log To Console" library="BuiltIn">
<arg>${mensagem_vencedora}</arg>
<doc>Logs the given message to the console.</doc>
<status status="PASS" starttime="20210704 18:11:06.730" endtime="20210704 18:11:06.733"/>
</kw>
<status status="PASS" starttime="20210704 18:11:06.730" endtime="20210704 18:11:06.734"/>
</branch>
<branch type="ELSE">
<kw name="Log To Console" library="BuiltIn">
<arg>Nossa, que pena, perdeu tudo...</arg>
<doc>Logs the given message to the console.</doc>
<status status="NOT RUN" starttime="20210704 18:11:06.734" endtime="20210704 18:11:06.735"/>
</kw>
<status status="NOT RUN" starttime="20210704 18:11:06.734" endtime="20210704 18:11:06.735"/>
</branch>
<status status="PASS" starttime="20210704 18:11:06.724" endtime="20210704 18:11:06.735"/>
</if>
<status status="PASS" starttime="20210704 18:11:06.717" endtime="20210704 18:11:06.736"/>
</kw>
<status status="PASS" starttime="20210704 18:11:06.715" endtime="20210704 18:11:06.736"/>
</kw>
<status status="PASS" starttime="20210704 18:11:06.712" endtime="20210704 18:11:06.738"/>
</test>
<doc>testando lacos(for) com robot</doc>
<status status="PASS" starttime="20210704 18:11:06.550" endtime="20210704 18:11:06.744"/>
</suite>
<statistics>
<total>
<stat pass="1" fail="0" skip="0">All Tests</stat>
</total>
<tag>
</tag>
<suite>
<stat pass="1" fail="0" skip="0" id="s1" name="If">If</stat>
</suite>
</statistics>
<errors>
</errors>
</robot>
