<?xml version="1.0" encoding="UTF-8"?>
<robot generator="Robot 4.0.3 (Python 3.9.6 on win32)" generated="20210630 20:19:41.868" rpa="false" schemaversion="2">
<suite id="s1" name="If" source="C:\Users\Thiago\Documents\Projetos\PrimeExperts_junho_28_2021\If\if.robot">
<test id="s1-t1" name="Jogo do advinha">
<kw name="Eu tenho o numero">
<arg>9</arg>
<kw name="Regra do jogo &quot;${recebo_valor_do_teste_case}&quot;" sourcename="Regra do jogo &quot;${numero_recebido}&quot;">
<kw name="Set Variable" library="BuiltIn">
<var>${mensagem_vencedora}</var>
<arg>voce ganhou o jogo</arg>
<doc>Returns the given values which can then be assigned to a variables.</doc>
<msg timestamp="20210630 20:19:41.917" level="INFO">${mensagem_vencedora} = voce ganhou o jogo</msg>
<status status="PASS" starttime="20210630 20:19:41.917" endtime="20210630 20:19:41.918"/>
</kw>
<if>
<branch type="IF" condition="${numero_recebido} == ${5}">
<kw name="Log To Console" library="BuiltIn">
<arg>${mensagem_vencedora}</arg>
<doc>Logs the given message to the console.</doc>
<status status="NOT RUN" starttime="20210630 20:19:41.920" endtime="20210630 20:19:41.920"/>
</kw>
<status status="NOT RUN" starttime="20210630 20:19:41.919" endtime="20210630 20:19:41.920"/>
</branch>
<branch type="ELSE IF" condition="${numero_recebido} == ${8}">
<kw name="Log To Console" library="BuiltIn">
<arg>${mensagem_vencedora}</arg>
<doc>Logs the given message to the console.</doc>
<status status="NOT RUN" starttime="20210630 20:19:41.922" endtime="20210630 20:19:41.922"/>
</kw>
<status status="NOT RUN" starttime="20210630 20:19:41.922" endtime="20210630 20:19:41.922"/>
</branch>
<branch type="ELSE">
<kw name="Log To Console" library="BuiltIn">
<arg>voce perdeu</arg>
<doc>Logs the given message to the console.</doc>
<status status="PASS" starttime="20210630 20:19:41.922" endtime="20210630 20:19:41.923"/>
</kw>
<status status="PASS" starttime="20210630 20:19:41.922" endtime="20210630 20:19:41.923"/>
</branch>
<status status="PASS" starttime="20210630 20:19:41.918" endtime="20210630 20:19:41.923"/>
</if>
<status status="PASS" starttime="20210630 20:19:41.915" endtime="20210630 20:19:41.923"/>
</kw>
<status status="PASS" starttime="20210630 20:19:41.913" endtime="20210630 20:19:41.923"/>
</kw>
<status status="PASS" starttime="20210630 20:19:41.911" endtime="20210630 20:19:41.924"/>
</test>
<doc>testando lacos(for) com robot</doc>
<status status="PASS" starttime="20210630 20:19:41.870" endtime="20210630 20:19:41.925"/>
</suite>
<statistics>
<total>
<stat pass="1" fail="0" skip="0">All Tests</stat>
</total>
<tag>
</tag>
<suite>
<stat pass="1" fail="0" skip="0" id="s1" name="If">If</stat>
</suite>
</statistics>
<errors>
</errors>
</robot>
