<?xml version="1.0" encoding="UTF-8"?>
<robot generator="Robot 4.0.3 (Python 3.9.6 on win32)" generated="20210630 19:51:22.118" rpa="false" schemaversion="2">
<suite id="s1" name="For" source="C:\Users\Thiago\Documents\Projetos\PrimeExperts_junho_28_2021\for\for.robot">
<test id="s1-t1" name="contando ate 9">
<kw name="Contar">
<arg>1</arg>
<arg>9</arg>
<for flavor="IN RANGE">
<var>${count}</var>
<value>${num_inicial}</value>
<value>${num_final}</value>
<iter>
<var name="${count}">1</var>
<kw name="Log To Console" library="BuiltIn">
<arg>${\n}Estou no numero: ${count}</arg>
<doc>Logs the given message to the console.</doc>
<status status="PASS" starttime="20210630 19:51:22.157" endtime="20210630 19:51:22.158"/>
</kw>
<status status="PASS" starttime="20210630 19:51:22.157" endtime="20210630 19:51:22.158"/>
</iter>
<iter>
<var name="${count}">2</var>
<kw name="Log To Console" library="BuiltIn">
<arg>${\n}Estou no numero: ${count}</arg>
<doc>Logs the given message to the console.</doc>
<status status="PASS" starttime="20210630 19:51:22.158" endtime="20210630 19:51:22.159"/>
</kw>
<status status="PASS" starttime="20210630 19:51:22.158" endtime="20210630 19:51:22.159"/>
</iter>
<iter>
<var name="${count}">3</var>
<kw name="Log To Console" library="BuiltIn">
<arg>${\n}Estou no numero: ${count}</arg>
<doc>Logs the given message to the console.</doc>
<status status="PASS" starttime="20210630 19:51:22.160" endtime="20210630 19:51:22.161"/>
</kw>
<status status="PASS" starttime="20210630 19:51:22.160" endtime="20210630 19:51:22.161"/>
</iter>
<iter>
<var name="${count}">4</var>
<kw name="Log To Console" library="BuiltIn">
<arg>${\n}Estou no numero: ${count}</arg>
<doc>Logs the given message to the console.</doc>
<status status="PASS" starttime="20210630 19:51:22.162" endtime="20210630 19:51:22.163"/>
</kw>
<status status="PASS" starttime="20210630 19:51:22.161" endtime="20210630 19:51:22.163"/>
</iter>
<iter>
<var name="${count}">5</var>
<kw name="Log To Console" library="BuiltIn">
<arg>${\n}Estou no numero: ${count}</arg>
<doc>Logs the given message to the console.</doc>
<status status="PASS" starttime="20210630 19:51:22.163" endtime="20210630 19:51:22.164"/>
</kw>
<status status="PASS" starttime="20210630 19:51:22.163" endtime="20210630 19:51:22.164"/>
</iter>
<iter>
<var name="${count}">6</var>
<kw name="Log To Console" library="BuiltIn">
<arg>${\n}Estou no numero: ${count}</arg>
<doc>Logs the given message to the console.</doc>
<status status="PASS" starttime="20210630 19:51:22.165" endtime="20210630 19:51:22.165"/>
</kw>
<status status="PASS" starttime="20210630 19:51:22.164" endtime="20210630 19:51:22.166"/>
</iter>
<iter>
<var name="${count}">7</var>
<kw name="Log To Console" library="BuiltIn">
<arg>${\n}Estou no numero: ${count}</arg>
<doc>Logs the given message to the console.</doc>
<status status="PASS" starttime="20210630 19:51:22.166" endtime="20210630 19:51:22.167"/>
</kw>
<status status="PASS" starttime="20210630 19:51:22.166" endtime="20210630 19:51:22.167"/>
</iter>
<iter>
<var name="${count}">8</var>
<kw name="Log To Console" library="BuiltIn">
<arg>${\n}Estou no numero: ${count}</arg>
<doc>Logs the given message to the console.</doc>
<status status="PASS" starttime="20210630 19:51:22.168" endtime="20210630 19:51:22.170"/>
</kw>
<status status="PASS" starttime="20210630 19:51:22.167" endtime="20210630 19:51:22.170"/>
</iter>
<status status="PASS" starttime="20210630 19:51:22.156" endtime="20210630 19:51:22.170"/>
</for>
<status status="PASS" starttime="20210630 19:51:22.156" endtime="20210630 19:51:22.171"/>
</kw>
<status status="PASS" starttime="20210630 19:51:22.155" endtime="20210630 19:51:22.172"/>
</test>
<doc>testando lacos(for) com robot</doc>
<status status="PASS" starttime="20210630 19:51:22.121" endtime="20210630 19:51:22.174"/>
</suite>
<statistics>
<total>
<stat pass="1" fail="0" skip="0">All Tests</stat>
</total>
<tag>
</tag>
<suite>
<stat pass="1" fail="0" skip="0" id="s1" name="For">For</stat>
</suite>
</statistics>
<errors>
</errors>
</robot>
