<?xml version="1.0" encoding="UTF-8"?>
<robot generator="Robot 4.0.3 (Python 3.8.10 on win32)" generated="20210704 18:08:58.536" rpa="false" schemaversion="2">
<suite id="s1" name="Argumentos Embutidos" source="C:\Projetos\PrimeExperts_junho_28_2021\argumentos_embutidos\argumentos_embutidos.robot">
<test id="s1-t1" name="meu teste de soma">
<kw name="somar dois numeros">
<var>${resultado_da_soma}</var>
<arg>543</arg>
<arg>278</arg>
<kw name="Evaluate" library="BuiltIn">
<var>${resultado_da_expressao}</var>
<arg>${primeiro_num} + ${segundo_num}</arg>
<doc>Evaluates the given expression in Python and returns the result.</doc>
<msg timestamp="20210704 18:08:58.755" level="INFO">${resultado_da_expressao} = 821</msg>
<status status="PASS" starttime="20210704 18:08:58.749" endtime="20210704 18:08:58.756"/>
</kw>
<kw name="Log To Console" library="BuiltIn">
<arg>${\n}O resultado é: ${resultado_da_expressao}</arg>
<doc>Logs the given message to the console.</doc>
<status status="PASS" starttime="20210704 18:08:58.756" endtime="20210704 18:08:58.759"/>
</kw>
<msg timestamp="20210704 18:08:58.761" level="INFO">${resultado_da_soma} = 821</msg>
<status status="PASS" starttime="20210704 18:08:58.747" endtime="20210704 18:08:58.762"/>
</kw>
<kw name="Log" library="BuiltIn">
<arg>${resultado_da_soma}</arg>
<doc>Logs the given message with the given level.</doc>
<msg timestamp="20210704 18:08:58.765" level="INFO">821</msg>
<status status="PASS" starttime="20210704 18:08:58.764" endtime="20210704 18:08:58.766"/>
</kw>
<status status="PASS" starttime="20210704 18:08:58.744" endtime="20210704 18:08:58.768"/>
</test>
<doc>testando argumentos e retornos</doc>
<status status="PASS" starttime="20210704 18:08:58.545" endtime="20210704 18:08:58.775"/>
</suite>
<statistics>
<total>
<stat pass="1" fail="0" skip="0">All Tests</stat>
</total>
<tag>
</tag>
<suite>
<stat pass="1" fail="0" skip="0" id="s1" name="Argumentos Embutidos">Argumentos Embutidos</stat>
</suite>
</statistics>
<errors>
</errors>
</robot>
