<?xml version="1.0" encoding="UTF-8"?>
<robot generator="Robot 4.0.3 (Python 3.8.10 on win32)" generated="20210704 18:09:59.424" rpa="false" schemaversion="2">
<suite id="s1" name="For" source="C:\Projetos\PrimeExperts_junho_28_2021\for\for.robot">
<test id="s1-t1" name="Contando ate 10">
<kw name="Contar">
<arg>0</arg>
<arg>10</arg>
<for flavor="IN RANGE">
<var>${teste}</var>
<value>${0}</value>
<value>${10}</value>
<iter>
<var name="${teste}">0</var>
<kw name="Log To Console" library="BuiltIn">
<arg>${\n}Estou contando agora o numero: ${teste}</arg>
<doc>Logs the given message to the console.</doc>
<status status="PASS" starttime="20210704 18:09:59.649" endtime="20210704 18:09:59.654"/>
</kw>
<status status="PASS" starttime="20210704 18:09:59.645" endtime="20210704 18:09:59.654"/>
</iter>
<iter>
<var name="${teste}">1</var>
<kw name="Log To Console" library="BuiltIn">
<arg>${\n}Estou contando agora o numero: ${teste}</arg>
<doc>Logs the given message to the console.</doc>
<status status="PASS" starttime="20210704 18:09:59.655" endtime="20210704 18:09:59.659"/>
</kw>
<status status="PASS" starttime="20210704 18:09:59.655" endtime="20210704 18:09:59.659"/>
</iter>
<iter>
<var name="${teste}">2</var>
<kw name="Log To Console" library="BuiltIn">
<arg>${\n}Estou contando agora o numero: ${teste}</arg>
<doc>Logs the given message to the console.</doc>
<status status="PASS" starttime="20210704 18:09:59.660" endtime="20210704 18:09:59.690"/>
</kw>
<status status="PASS" starttime="20210704 18:09:59.659" endtime="20210704 18:09:59.690"/>
</iter>
<iter>
<var name="${teste}">3</var>
<kw name="Log To Console" library="BuiltIn">
<arg>${\n}Estou contando agora o numero: ${teste}</arg>
<doc>Logs the given message to the console.</doc>
<status status="PASS" starttime="20210704 18:09:59.692" endtime="20210704 18:09:59.698"/>
</kw>
<status status="PASS" starttime="20210704 18:09:59.691" endtime="20210704 18:09:59.698"/>
</iter>
<iter>
<var name="${teste}">4</var>
<kw name="Log To Console" library="BuiltIn">
<arg>${\n}Estou contando agora o numero: ${teste}</arg>
<doc>Logs the given message to the console.</doc>
<status status="PASS" starttime="20210704 18:09:59.700" endtime="20210704 18:09:59.703"/>
</kw>
<status status="PASS" starttime="20210704 18:09:59.699" endtime="20210704 18:09:59.704"/>
</iter>
<iter>
<var name="${teste}">5</var>
<kw name="Log To Console" library="BuiltIn">
<arg>${\n}Estou contando agora o numero: ${teste}</arg>
<doc>Logs the given message to the console.</doc>
<status status="PASS" starttime="20210704 18:09:59.705" endtime="20210704 18:09:59.713"/>
</kw>
<status status="PASS" starttime="20210704 18:09:59.704" endtime="20210704 18:09:59.714"/>
</iter>
<iter>
<var name="${teste}">6</var>
<kw name="Log To Console" library="BuiltIn">
<arg>${\n}Estou contando agora o numero: ${teste}</arg>
<doc>Logs the given message to the console.</doc>
<status status="PASS" starttime="20210704 18:09:59.715" endtime="20210704 18:09:59.720"/>
</kw>
<status status="PASS" starttime="20210704 18:09:59.714" endtime="20210704 18:09:59.720"/>
</iter>
<iter>
<var name="${teste}">7</var>
<kw name="Log To Console" library="BuiltIn">
<arg>${\n}Estou contando agora o numero: ${teste}</arg>
<doc>Logs the given message to the console.</doc>
<status status="PASS" starttime="20210704 18:09:59.722" endtime="20210704 18:09:59.725"/>
</kw>
<status status="PASS" starttime="20210704 18:09:59.721" endtime="20210704 18:09:59.725"/>
</iter>
<iter>
<var name="${teste}">8</var>
<kw name="Log To Console" library="BuiltIn">
<arg>${\n}Estou contando agora o numero: ${teste}</arg>
<doc>Logs the given message to the console.</doc>
<status status="PASS" starttime="20210704 18:09:59.726" endtime="20210704 18:09:59.730"/>
</kw>
<status status="PASS" starttime="20210704 18:09:59.726" endtime="20210704 18:09:59.731"/>
</iter>
<iter>
<var name="${teste}">9</var>
<kw name="Log To Console" library="BuiltIn">
<arg>${\n}Estou contando agora o numero: ${teste}</arg>
<doc>Logs the given message to the console.</doc>
<status status="PASS" starttime="20210704 18:09:59.733" endtime="20210704 18:09:59.735"/>
</kw>
<status status="PASS" starttime="20210704 18:09:59.732" endtime="20210704 18:09:59.736"/>
</iter>
<status status="PASS" starttime="20210704 18:09:59.643" endtime="20210704 18:09:59.736"/>
</for>
<status status="PASS" starttime="20210704 18:09:59.638" endtime="20210704 18:09:59.737"/>
</kw>
<status status="PASS" starttime="20210704 18:09:59.635" endtime="20210704 18:09:59.740"/>
</test>
<doc>testando lacos(for) com robot</doc>
<status status="PASS" starttime="20210704 18:09:59.434" endtime="20210704 18:09:59.749"/>
</suite>
<statistics>
<total>
<stat pass="1" fail="0" skip="0">All Tests</stat>
</total>
<tag>
</tag>
<suite>
<stat pass="1" fail="0" skip="0" id="s1" name="For">For</stat>
</suite>
</statistics>
<errors>
</errors>
</robot>
