<?xml version="1.0" encoding="UTF-8"?>
<robot generator="Robot 4.0.3 (Python 3.8.10 on win32)" generated="20210704 18:33:18.586" rpa="false" schemaversion="2">
<suite id="s1" name="Teste Variaveis" source="C:\Projetos\PrimeExperts_junho_28_2021\variables\teste_variaveis.robot">
<test id="s1-t1" name="Meu teste de impressao de mensagem no terminal">
<kw name="Logar no terminal uma mensagem">
<kw name="Log To Console" library="BuiltIn">
<arg>${menssagem}</arg>
<doc>Logs the given message to the console.</doc>
<status status="PASS" starttime="20210704 18:33:18.761" endtime="20210704 18:33:18.764"/>
</kw>
<status status="PASS" starttime="20210704 18:33:18.760" endtime="20210704 18:33:18.765"/>
</kw>
<status status="PASS" starttime="20210704 18:33:18.756" endtime="20210704 18:33:18.766"/>
</test>
<doc>Meu teste de variaveis</doc>
<status status="PASS" starttime="20210704 18:33:18.595" endtime="20210704 18:33:18.771"/>
</suite>
<statistics>
<total>
<stat pass="1" fail="0" skip="0">All Tests</stat>
</total>
<tag>
</tag>
<suite>
<stat pass="1" fail="0" skip="0" id="s1" name="Teste Variaveis">Teste Variaveis</stat>
</suite>
</statistics>
<errors>
</errors>
</robot>
