<?xml version="1.0" encoding="UTF-8"?>
<robot generator="Robot 4.0.3 (Python 3.9.6 on win32)" generated="20210704 19:20:44.067" rpa="false" schemaversion="2">
<suite id="s1" name="Tests" source="C:\Users\Thiago\Documents\SuiteSiteTestePractice\tests">
<suite id="s1-s1" name="SuitTests" source="C:\Users\Thiago\Documents\SuiteSiteTestePractice\tests\SuitTests.robot">
<test id="s1-s1-t1" name="Caso de Teste 01: Pesquisar produto não existente">
<kw name="Abrir navegador" library="Resource" type="SETUP">
<kw name="Open Browser" library="SeleniumLibrary">
<arg>${URL}</arg>
<arg>${BROWSER}</arg>
<doc>Opens a new browser instance to the optional ``url``.</doc>
<msg timestamp="20210704 19:20:46.726" level="INFO">Opening browser 'chrome' to base url 'http://automationpractice.com'.</msg>
<status status="PASS" starttime="20210704 19:20:46.724" endtime="20210704 19:21:02.789"/>
</kw>
<status status="PASS" starttime="20210704 19:20:46.712" endtime="20210704 19:21:02.793"/>
</kw>
<kw name="Acessar a página home do site" library="Resource">
<kw name="Wait Until Element Is Visible" library="SeleniumLibrary">
<arg>xpath=//*[@id="block_top_menu"]/ul</arg>
<doc>Waits until the element ``locator`` is visible.</doc>
<status status="PASS" starttime="20210704 19:21:02.843" endtime="20210704 19:21:03.903"/>
</kw>
<kw name="Title Should Be" library="SeleniumLibrary">
<arg>My Store</arg>
<doc>Verifies that the current page title equals ``title``.</doc>
<msg timestamp="20210704 19:21:03.930" level="INFO">Page title is 'My Store'.</msg>
<status status="PASS" starttime="20210704 19:21:03.904" endtime="20210704 19:21:03.931"/>
</kw>
<status status="PASS" starttime="20210704 19:21:02.838" endtime="20210704 19:21:03.933"/>
</kw>
<kw name="Digitar o nome do produto &quot;itemNãoExistente&quot; no campo de pesquisa" library="Resource" sourcename="Digitar o nome do produto &quot;${PRODUTO}&quot; no campo de pesquisa">
<kw name="Input Text" library="SeleniumLibrary">
<arg>name=search_query</arg>
<arg>${PRODUTO}</arg>
<doc>Types the given ``text`` into the text field identified by ``locator``.</doc>
<msg timestamp="20210704 19:21:03.945" level="INFO">Typing text 'itemNãoExistente' into text field 'name=search_query'.</msg>
<status status="PASS" starttime="20210704 19:21:03.940" endtime="20210704 19:21:04.908"/>
</kw>
<status status="PASS" starttime="20210704 19:21:03.937" endtime="20210704 19:21:04.911"/>
</kw>
<kw name="Clicar no botão pesquisar" library="Resource">
<kw name="Click Element" library="SeleniumLibrary">
<arg>name=submit_search</arg>
<doc>Click the element identified by ``locator``.</doc>
<msg timestamp="20210704 19:21:04.925" level="INFO">Clicking element 'name=submit_search'.</msg>
<status status="PASS" starttime="20210704 19:21:04.921" endtime="20210704 19:21:08.249"/>
</kw>
<status status="PASS" starttime="20210704 19:21:04.916" endtime="20210704 19:21:08.251"/>
</kw>
<kw name="Conferir mensagem &quot;No results were found for your search &quot;itemNãoExistente&quot;&quot;" library="Resource" sourcename="Conferir mensagem &quot;${MENSAGEM_ALERTA}&quot;">
<kw name="Wait Until Element Is Visible" library="SeleniumLibrary">
<arg>xpath=//*[@id="center_column"]/p[@class='alert alert-warning']</arg>
<doc>Waits until the element ``locator`` is visible.</doc>
<status status="PASS" starttime="20210704 19:21:08.260" endtime="20210704 19:21:08.552"/>
</kw>
<kw name="Element Text Should Be" library="SeleniumLibrary">
<arg>xpath=//*[@id="center_column"]/p[@class='alert alert-warning']</arg>
<arg>${MENSAGEM_ALERTA}</arg>
<doc>Verifies that element ``locator`` contains exact the text ``expected``.</doc>
<msg timestamp="20210704 19:21:08.558" level="INFO">Verifying element 'xpath=//*[@id="center_column"]/p[@class='alert alert-warning']' contains exact text 'No results were found for your search "itemNãoExistente"'.</msg>
<status status="PASS" starttime="20210704 19:21:08.554" endtime="20210704 19:21:08.706"/>
</kw>
<status status="PASS" starttime="20210704 19:21:08.255" endtime="20210704 19:21:08.707"/>
</kw>
<kw name="Fechar navegador" library="Resource" type="TEARDOWN">
<kw name="Close Browser" library="SeleniumLibrary">
<doc>Closes the current browser.</doc>
<status status="PASS" starttime="20210704 19:21:08.717" endtime="20210704 19:21:12.209"/>
</kw>
<status status="PASS" starttime="20210704 19:21:08.712" endtime="20210704 19:21:12.210"/>
</kw>
<status status="PASS" starttime="20210704 19:20:46.706" endtime="20210704 19:21:12.212"/>
</test>
<test id="s1-s1-t2" name="Caso de Teste 02: Listar Produtos">
<kw name="Abrir navegador" library="Resource" type="SETUP">
<kw name="Open Browser" library="SeleniumLibrary">
<arg>${URL}</arg>
<arg>${BROWSER}</arg>
<doc>Opens a new browser instance to the optional ``url``.</doc>
<msg timestamp="20210704 19:21:12.242" level="INFO">Opening browser 'chrome' to base url 'http://automationpractice.com'.</msg>
<status status="PASS" starttime="20210704 19:21:12.238" endtime="20210704 19:21:27.138"/>
</kw>
<status status="PASS" starttime="20210704 19:21:12.231" endtime="20210704 19:21:27.141"/>
</kw>
<kw name="Acessar a página home do site" library="Resource">
<kw name="Wait Until Element Is Visible" library="SeleniumLibrary">
<arg>xpath=//*[@id="block_top_menu"]/ul</arg>
<doc>Waits until the element ``locator`` is visible.</doc>
<status status="PASS" starttime="20210704 19:21:27.151" endtime="20210704 19:21:28.189"/>
</kw>
<kw name="Title Should Be" library="SeleniumLibrary">
<arg>My Store</arg>
<doc>Verifies that the current page title equals ``title``.</doc>
<msg timestamp="20210704 19:21:28.218" level="INFO">Page title is 'My Store'.</msg>
<status status="PASS" starttime="20210704 19:21:28.191" endtime="20210704 19:21:28.220"/>
</kw>
<status status="PASS" starttime="20210704 19:21:27.146" endtime="20210704 19:21:28.221"/>
</kw>
<kw name="Passar o mouse por cima da categoria &quot;Women&quot; no menu principal superior de categorias" library="Resource" sourcename="Passar o mouse por cima da categoria &quot;${CATEGORIA}&quot; no menu principal superior de categorias">
<kw name="Wait Until Element Is Visible" library="SeleniumLibrary">
<arg>xpath=//*[@id="block_top_menu"]//a[@title="${CATEGORIA}"]</arg>
<doc>Waits until the element ``locator`` is visible.</doc>
<status status="PASS" starttime="20210704 19:21:28.230" endtime="20210704 19:21:28.483"/>
</kw>
<kw name="Mouse Over" library="SeleniumLibrary">
<arg>xpath=//*[@id="block_top_menu"]//a[@title="${CATEGORIA}"]</arg>
<doc>Simulates hovering the mouse over the element ``locator``.</doc>
<msg timestamp="20210704 19:21:28.487" level="INFO">Simulating Mouse Over on element 'xpath=//*[@id="block_top_menu"]//a[@title="Women"]'.</msg>
<status status="PASS" starttime="20210704 19:21:28.484" endtime="20210704 19:21:28.986"/>
</kw>
<status status="PASS" starttime="20210704 19:21:28.225" endtime="20210704 19:21:28.989"/>
</kw>
<kw name="Clicar na sub categoria &quot;Summer Dresses&quot;" library="Resource" sourcename="Clicar na sub categoria &quot;${SUBCATEGORIA}&quot;">
<kw name="Wait Until Element Is Visible" library="SeleniumLibrary">
<arg>xpath=//*[@id="block_top_menu"]//a[@title="${SUBCATEGORIA}"]</arg>
<doc>Waits until the element ``locator`` is visible.</doc>
<status status="PASS" starttime="20210704 19:21:29.046" endtime="20210704 19:21:29.388"/>
</kw>
<kw name="Click Element" library="SeleniumLibrary">
<arg>xpath=//*[@id="block_top_menu"]//a[@title="${SUBCATEGORIA}"]</arg>
<doc>Click the element identified by ``locator``.</doc>
<msg timestamp="20210704 19:21:29.394" level="INFO">Clicking element 'xpath=//*[@id="block_top_menu"]//a[@title="Summer Dresses"]'.</msg>
<status status="PASS" starttime="20210704 19:21:29.390" endtime="20210704 19:21:34.758"/>
</kw>
<status status="PASS" starttime="20210704 19:21:29.039" endtime="20210704 19:21:34.761"/>
</kw>
<kw name="Conferir se os produtos da sub-categoria &quot;Summer Dresses&quot; foram mostrados na página" library="Resource" sourcename="Conferir se os produtos da sub-categoria &quot;${SUBCATEGORIA}&quot; foram mostrados na página">
<kw name="Page Should Contain Element" library="SeleniumLibrary">
<arg>xpath=//*[@id="center_column"]/h1/span[contains(text(),"Summer Dresses")]</arg>
<doc>Verifies that element ``locator`` is found on the current page.</doc>
<msg timestamp="20210704 19:21:34.947" level="INFO">Current page contains element 'xpath=//*[@id="center_column"]/h1/span[contains(text(),"Summer Dresses")]'.</msg>
<status status="PASS" starttime="20210704 19:21:34.777" endtime="20210704 19:21:34.948"/>
</kw>
<kw name="Page Should Contain Element" library="SeleniumLibrary">
<arg>xpath=//*[@id="center_column"]/ul/li[1]/div/div[2]/h5/a[@title="Printed Summer Dress"]</arg>
<doc>Verifies that element ``locator`` is found on the current page.</doc>
<msg timestamp="20210704 19:21:35.015" level="INFO">Current page contains element 'xpath=//*[@id="center_column"]/ul/li[1]/div/div[2]/h5/a[@title="Printed Summer Dress"]'.</msg>
<status status="PASS" starttime="20210704 19:21:34.949" endtime="20210704 19:21:35.016"/>
</kw>
<kw name="Page Should Contain Element" library="SeleniumLibrary">
<arg>xpath=//*[@id="center_column"]/ul/li[2]/div/div[2]/h5/a[@title="Printed Summer Dress"]</arg>
<doc>Verifies that element ``locator`` is found on the current page.</doc>
<msg timestamp="20210704 19:21:35.094" level="INFO">Current page contains element 'xpath=//*[@id="center_column"]/ul/li[2]/div/div[2]/h5/a[@title="Printed Summer Dress"]'.</msg>
<status status="PASS" starttime="20210704 19:21:35.017" endtime="20210704 19:21:35.095"/>
</kw>
<kw name="Page Should Contain Element" library="SeleniumLibrary">
<arg>xpath=//*[@id="center_column"]/ul/li[3]/div/div[2]/h5/a[@title="Printed Chiffon Dress"]</arg>
<doc>Verifies that element ``locator`` is found on the current page.</doc>
<msg timestamp="20210704 19:21:35.177" level="INFO">Current page contains element 'xpath=//*[@id="center_column"]/ul/li[3]/div/div[2]/h5/a[@title="Printed Chiffon Dress"]'.</msg>
<status status="PASS" starttime="20210704 19:21:35.097" endtime="20210704 19:21:35.178"/>
</kw>
<status status="PASS" starttime="20210704 19:21:34.773" endtime="20210704 19:21:35.181"/>
</kw>
<kw name="Fechar navegador" library="Resource" type="TEARDOWN">
<kw name="Close Browser" library="SeleniumLibrary">
<doc>Closes the current browser.</doc>
<status status="PASS" starttime="20210704 19:21:35.191" endtime="20210704 19:21:40.442"/>
</kw>
<status status="PASS" starttime="20210704 19:21:35.186" endtime="20210704 19:21:40.443"/>
</kw>
<status status="PASS" starttime="20210704 19:21:12.223" endtime="20210704 19:21:40.445"/>
</test>
<test id="s1-s1-t3" name="Caso de Teste 03: Adicionar Cliente">
<kw name="Abrir navegador" library="Resource" type="SETUP">
<kw name="Open Browser" library="SeleniumLibrary">
<arg>${URL}</arg>
<arg>${BROWSER}</arg>
<doc>Opens a new browser instance to the optional ``url``.</doc>
<msg timestamp="20210704 19:21:40.478" level="INFO">Opening browser 'chrome' to base url 'http://automationpractice.com'.</msg>
<status status="PASS" starttime="20210704 19:21:40.473" endtime="20210704 19:21:55.319"/>
</kw>
<status status="PASS" starttime="20210704 19:21:40.466" endtime="20210704 19:21:55.322"/>
</kw>
<kw name="Acessar a página home do site" library="Resource">
<kw name="Wait Until Element Is Visible" library="SeleniumLibrary">
<arg>xpath=//*[@id="block_top_menu"]/ul</arg>
<doc>Waits until the element ``locator`` is visible.</doc>
<status status="PASS" starttime="20210704 19:21:55.330" endtime="20210704 19:21:56.477"/>
</kw>
<kw name="Title Should Be" library="SeleniumLibrary">
<arg>My Store</arg>
<doc>Verifies that the current page title equals ``title``.</doc>
<msg timestamp="20210704 19:21:56.511" level="INFO">Page title is 'My Store'.</msg>
<status status="PASS" starttime="20210704 19:21:56.479" endtime="20210704 19:21:56.512"/>
</kw>
<status status="PASS" starttime="20210704 19:21:55.326" endtime="20210704 19:21:56.513"/>
</kw>
<kw name="Clicar em &quot;Sign in&quot;" library="Resource">
<kw name="Click Element" library="SeleniumLibrary">
<arg>xpath=//*[@id="header"]//*[@class="login"][contains(text(),"Sign in")]</arg>
<doc>Click the element identified by ``locator``.</doc>
<msg timestamp="20210704 19:21:56.528" level="INFO">Clicking element 'xpath=//*[@id="header"]//*[@class="login"][contains(text(),"Sign in")]'.</msg>
<status status="PASS" starttime="20210704 19:21:56.525" endtime="20210704 19:21:59.376"/>
</kw>
<status status="PASS" starttime="20210704 19:21:56.520" endtime="20210704 19:21:59.378"/>
</kw>
<kw name="Informar um e-mail válido" library="Resource">
<kw name="Wait Until Element Is Visible" library="SeleniumLibrary">
<arg>id=email_create</arg>
<doc>Waits until the element ``locator`` is visible.</doc>
<status status="PASS" starttime="20210704 19:21:59.431" endtime="20210704 19:21:59.733"/>
</kw>
<kw name="Generate Random String" library="String">
<var>${EMAIL}</var>
<doc>Generates a string with a desired ``length`` from the given ``chars``.</doc>
<msg timestamp="20210704 19:21:59.741" level="INFO">${EMAIL} = fHJcQSvl</msg>
<status status="PASS" starttime="20210704 19:21:59.736" endtime="20210704 19:21:59.741"/>
</kw>
<kw name="Input Text" library="SeleniumLibrary">
<arg>id=email_create</arg>
<arg>${EMAIL}@teste.com</arg>
<doc>Types the given ``text`` into the text field identified by ``locator``.</doc>
<msg timestamp="20210704 19:21:59.746" level="INFO">Typing text 'fHJcQSvl@teste.com' into text field 'id=email_create'.</msg>
<status status="PASS" starttime="20210704 19:21:59.743" endtime="20210704 19:22:01.307"/>
</kw>
<status status="PASS" starttime="20210704 19:21:59.426" endtime="20210704 19:22:01.310"/>
</kw>
<kw name="Clicar em &quot;Create an account&quot;" library="Resource">
<kw name="Click Button" library="SeleniumLibrary">
<arg>id=SubmitCreate</arg>
<doc>Clicks the button identified by ``locator``.</doc>
<msg timestamp="20210704 19:22:01.325" level="INFO">Clicking button 'id=SubmitCreate'.</msg>
<status status="PASS" starttime="20210704 19:22:01.322" endtime="20210704 19:22:02.098"/>
</kw>
<status status="PASS" starttime="20210704 19:22:01.316" endtime="20210704 19:22:02.100"/>
</kw>
<kw name="Preencher os dados obrigatórios" library="Resource">
<kw name="Wait Until Element Is Visible" library="SeleniumLibrary">
<arg>xpath=//*[@id="account-creation_form"]//h3[contains(text(),"Your personal information")]</arg>
<doc>Waits until the element ``locator`` is visible.</doc>
<status status="PASS" starttime="20210704 19:22:02.153" endtime="20210704 19:22:04.077"/>
</kw>
<kw name="Click Element" library="SeleniumLibrary">
<arg>id=id_gender1</arg>
<doc>Click the element identified by ``locator``.</doc>
<msg timestamp="20210704 19:22:04.082" level="INFO">Clicking element 'id=id_gender1'.</msg>
<status status="PASS" starttime="20210704 19:22:04.079" endtime="20210704 19:22:05.177"/>
</kw>
<kw name="Input Text" library="SeleniumLibrary">
<arg>id=customer_firstname</arg>
<arg>Thiago</arg>
<doc>Types the given ``text`` into the text field identified by ``locator``.</doc>
<msg timestamp="20210704 19:22:05.183" level="INFO">Typing text 'Thiago' into text field 'id=customer_firstname'.</msg>
<status status="PASS" starttime="20210704 19:22:05.179" endtime="20210704 19:22:05.944"/>
</kw>
<kw name="Input Text" library="SeleniumLibrary">
<arg>id=customer_lastname</arg>
<arg>Linhares</arg>
<doc>Types the given ``text`` into the text field identified by ``locator``.</doc>
<msg timestamp="20210704 19:22:05.948" level="INFO">Typing text 'Linhares' into text field 'id=customer_lastname'.</msg>
<status status="PASS" starttime="20210704 19:22:05.945" endtime="20210704 19:22:06.709"/>
</kw>
<kw name="Input Text" library="SeleniumLibrary">
<arg>id=passwd</arg>
<arg>123456</arg>
<doc>Types the given ``text`` into the text field identified by ``locator``.</doc>
<msg timestamp="20210704 19:22:06.714" level="INFO">Typing text '123456' into text field 'id=passwd'.</msg>
<status status="PASS" starttime="20210704 19:22:06.711" endtime="20210704 19:22:07.369"/>
</kw>
<kw name="Input Text" library="SeleniumLibrary">
<arg>id=address1</arg>
<arg>Rua dos Bobos, Tangamandapio</arg>
<doc>Types the given ``text`` into the text field identified by ``locator``.</doc>
<msg timestamp="20210704 19:22:07.373" level="INFO">Typing text 'Rua dos Bobos, Tangamandapio' into text field 'id=address1'.</msg>
<status status="PASS" starttime="20210704 19:22:07.370" endtime="20210704 19:22:08.369"/>
</kw>
<kw name="Input Text" library="SeleniumLibrary">
<arg>id=city</arg>
<arg>Fortaleza</arg>
<doc>Types the given ``text`` into the text field identified by ``locator``.</doc>
<msg timestamp="20210704 19:22:08.373" level="INFO">Typing text 'Fortaleza' into text field 'id=city'.</msg>
<status status="PASS" starttime="20210704 19:22:08.370" endtime="20210704 19:22:09.049"/>
</kw>
<kw name="Set Focus To Element" library="SeleniumLibrary">
<arg>id=id_state</arg>
<doc>Sets the focus to the element identified by ``locator``.</doc>
<status status="PASS" starttime="20210704 19:22:09.051" endtime="20210704 19:22:09.226"/>
</kw>
<kw name="Select From List By Index" library="SeleniumLibrary">
<arg>id=id_state</arg>
<arg>25</arg>
<doc>Selects options from selection list ``locator`` by ``indexes``.</doc>
<msg timestamp="20210704 19:22:09.233" level="INFO">Selecting options from selection list 'id=id_state' by index 25.</msg>
<status status="PASS" starttime="20210704 19:22:09.229" endtime="20210704 19:22:10.525"/>
</kw>
<kw name="Input Text" library="SeleniumLibrary">
<arg>id=postcode</arg>
<arg>99999</arg>
<doc>Types the given ``text`` into the text field identified by ``locator``.</doc>
<msg timestamp="20210704 19:22:10.528" level="INFO">Typing text '99999' into text field 'id=postcode'.</msg>
<status status="PASS" starttime="20210704 19:22:10.526" endtime="20210704 19:22:11.337"/>
</kw>
<kw name="Input Text" library="SeleniumLibrary">
<arg>id=phone_mobile</arg>
<arg>99988877</arg>
<doc>Types the given ``text`` into the text field identified by ``locator``.</doc>
<msg timestamp="20210704 19:22:11.341" level="INFO">Typing text '99988877' into text field 'id=phone_mobile'.</msg>
<status status="PASS" starttime="20210704 19:22:11.338" endtime="20210704 19:22:12.107"/>
</kw>
<status status="PASS" starttime="20210704 19:22:02.143" endtime="20210704 19:22:12.108"/>
</kw>
<kw name="Submeter cadastro" library="Resource">
<kw name="Click Button" library="SeleniumLibrary">
<arg>submitAccount</arg>
<doc>Clicks the button identified by ``locator``.</doc>
<msg timestamp="20210704 19:22:12.118" level="INFO">Clicking button 'submitAccount'.</msg>
<status status="PASS" starttime="20210704 19:22:12.116" endtime="20210704 19:22:15.962"/>
</kw>
<status status="PASS" starttime="20210704 19:22:12.113" endtime="20210704 19:22:15.966"/>
</kw>
<kw name="Conferir se o cadastro foi efetuado com sucesso" library="Resource">
<kw name="Wait Until Element Is Visible" library="SeleniumLibrary">
<arg>xpath=//*[@id="center_column"]/p</arg>
<doc>Waits until the element ``locator`` is visible.</doc>
<status status="PASS" starttime="20210704 19:22:16.015" endtime="20210704 19:22:16.359"/>
</kw>
<kw name="Element Text Should Be" library="SeleniumLibrary">
<arg>xpath=//*[@id="center_column"]/p</arg>
<arg>Welcome to your account. Here you can manage all of your personal information and orders.</arg>
<doc>Verifies that element ``locator`` contains exact the text ``expected``.</doc>
<msg timestamp="20210704 19:22:16.363" level="INFO">Verifying element 'xpath=//*[@id="center_column"]/p' contains exact text 'Welcome to your account. Here you can manage all of your personal information and orders.'.</msg>
<status status="PASS" starttime="20210704 19:22:16.360" endtime="20210704 19:22:16.497"/>
</kw>
<kw name="Element Text Should Be" library="SeleniumLibrary">
<arg>xpath=//*[@id="header"]/div[2]//div[1]/a/span</arg>
<arg>Thiago Linhares</arg>
<doc>Verifies that element ``locator`` contains exact the text ``expected``.</doc>
<msg timestamp="20210704 19:22:16.502" level="INFO">Verifying element 'xpath=//*[@id="header"]/div[2]//div[1]/a/span' contains exact text 'Thiago Linhares'.</msg>
<status status="PASS" starttime="20210704 19:22:16.499" endtime="20210704 19:22:16.636"/>
</kw>
<status status="PASS" starttime="20210704 19:22:16.003" endtime="20210704 19:22:16.638"/>
</kw>
<kw name="Fechar navegador" library="Resource" type="TEARDOWN">
<kw name="Close Browser" library="SeleniumLibrary">
<doc>Closes the current browser.</doc>
<status status="PASS" starttime="20210704 19:22:16.648" endtime="20210704 19:22:19.971"/>
</kw>
<status status="PASS" starttime="20210704 19:22:16.643" endtime="20210704 19:22:19.972"/>
</kw>
<status status="PASS" starttime="20210704 19:21:40.457" endtime="20210704 19:22:19.976"/>
</test>
<status status="PASS" starttime="20210704 19:20:44.367" endtime="20210704 19:22:20.005"/>
</suite>
<status status="PASS" starttime="20210704 19:20:44.096" endtime="20210704 19:22:20.072"/>
</suite>
<statistics>
<total>
<stat pass="3" fail="0" skip="0">All Tests</stat>
</total>
<tag>
</tag>
<suite>
<stat pass="3" fail="0" skip="0" id="s1" name="Tests">Tests</stat>
<stat pass="3" fail="0" skip="0" id="s1-s1" name="SuitTests">Tests.SuitTests</stat>
</suite>
</statistics>
<errors>
</errors>
</robot>
