<?xml version="1.0" encoding="UTF-8"?>
<robot generator="Robot 4.0.3 (Python 3.9.6 on win32)" generated="20210629 21:00:26.956" rpa="false" schemaversion="2">
<suite id="s1" name="ExercicioVarDic" source="C:\Users\Thiago\Documents\Projetos\PrimeExperts_junho_28_2021\Variables\ExercicioVarDic.robot">
<test id="s1-t1" name="Informar o meu jogo preferido">
<kw name="Meu jogo preferido é:">
<kw name="Log" library="BuiltIn">
<arg>${JOGO}</arg>
<doc>Logs the given message with the given level.</doc>
<msg timestamp="20210629 21:00:26.993" level="INFO">March Of Empires</msg>
<status status="PASS" starttime="20210629 21:00:26.993" endtime="20210629 21:00:26.994"/>
</kw>
<status status="PASS" starttime="20210629 21:00:26.993" endtime="20210629 21:00:26.994"/>
</kw>
<status status="PASS" starttime="20210629 21:00:26.992" endtime="20210629 21:00:26.994"/>
</test>
<test id="s1-t2" name="Informar meu filme preferido">
<kw name="Meu filme preferido é:">
<kw name="Log" library="BuiltIn">
<arg>${FILME}</arg>
<doc>Logs the given message with the given level.</doc>
<msg timestamp="20210629 21:00:26.996" level="INFO">Titanic</msg>
<status status="PASS" starttime="20210629 21:00:26.996" endtime="20210629 21:00:26.996"/>
</kw>
<status status="PASS" starttime="20210629 21:00:26.996" endtime="20210629 21:00:26.996"/>
</kw>
<status status="PASS" starttime="20210629 21:00:26.995" endtime="20210629 21:00:26.997"/>
</test>
<test id="s1-t3" name="Informar meu nome completo">
<kw name="Meu NOME:">
<kw name="Log" library="BuiltIn">
<arg>${NOME}</arg>
<doc>Logs the given message with the given level.</doc>
<msg timestamp="20210629 21:00:27.002" level="INFO">Eliete Miranda</msg>
<status status="PASS" starttime="20210629 21:00:27.001" endtime="20210629 21:00:27.003"/>
</kw>
<status status="PASS" starttime="20210629 21:00:26.999" endtime="20210629 21:00:27.003"/>
</kw>
<status status="PASS" starttime="20210629 21:00:26.998" endtime="20210629 21:00:27.003"/>
</test>
<test id="s1-t4" name="Informar minha idade">
<kw name="Minha IDADE:">
<kw name="Log" library="BuiltIn">
<arg>${IDADE}</arg>
<doc>Logs the given message with the given level.</doc>
<msg timestamp="20210629 21:00:27.010" level="INFO">34 anos</msg>
<status status="PASS" starttime="20210629 21:00:27.010" endtime="20210629 21:00:27.010"/>
</kw>
<status status="PASS" starttime="20210629 21:00:27.008" endtime="20210629 21:00:27.010"/>
</kw>
<status status="PASS" starttime="20210629 21:00:27.007" endtime="20210629 21:00:27.010"/>
</test>
<test id="s1-t5" name="Informar minha cidade">
<kw name="Minha CIDADE:">
<kw name="Log" library="BuiltIn">
<arg>${CIDADE}</arg>
<doc>Logs the given message with the given level.</doc>
<msg timestamp="20210629 21:00:27.014" level="INFO">Coronel Fabriciano</msg>
<status status="PASS" starttime="20210629 21:00:27.014" endtime="20210629 21:00:27.014"/>
</kw>
<status status="PASS" starttime="20210629 21:00:27.013" endtime="20210629 21:00:27.014"/>
</kw>
<status status="PASS" starttime="20210629 21:00:27.012" endtime="20210629 21:00:27.015"/>
</test>
<test id="s1-t6" name="Informar meu estado">
<kw name="Minha ESTADO:">
<kw name="Log" library="BuiltIn">
<arg>${ESTADO}</arg>
<doc>Logs the given message with the given level.</doc>
<msg timestamp="20210629 21:00:27.021" level="INFO">Minas Gerais</msg>
<status status="PASS" starttime="20210629 21:00:27.020" endtime="20210629 21:00:27.021"/>
</kw>
<status status="PASS" starttime="20210629 21:00:27.020" endtime="20210629 21:00:27.021"/>
</kw>
<status status="PASS" starttime="20210629 21:00:27.019" endtime="20210629 21:00:27.023"/>
</test>
<test id="s1-t7" name="Informar minha profissao">
<kw name="Minha PROFISSAO:">
<kw name="Log" library="BuiltIn">
<arg>${PROFISSAO}</arg>
<doc>Logs the given message with the given level.</doc>
<msg timestamp="20210629 21:00:27.025" level="INFO">Analista de Testes</msg>
<status status="PASS" starttime="20210629 21:00:27.025" endtime="20210629 21:00:27.025"/>
</kw>
<status status="PASS" starttime="20210629 21:00:27.024" endtime="20210629 21:00:27.025"/>
</kw>
<status status="PASS" starttime="20210629 21:00:27.024" endtime="20210629 21:00:27.025"/>
</test>
<test id="s1-t8" name="Informar meu HOBBY">
<kw name="Meu HOBBY:">
<kw name="Log" library="BuiltIn">
<arg>${HOBBY}</arg>
<doc>Logs the given message with the given level.</doc>
<msg timestamp="20210629 21:00:27.028" level="INFO">Assistir séries</msg>
<status status="PASS" starttime="20210629 21:00:27.028" endtime="20210629 21:00:27.028"/>
</kw>
<status status="PASS" starttime="20210629 21:00:27.027" endtime="20210629 21:00:27.028"/>
</kw>
<status status="PASS" starttime="20210629 21:00:27.026" endtime="20210629 21:00:27.029"/>
</test>
<doc>Tipo de Dicionário</doc>
<status status="PASS" starttime="20210629 21:00:26.958" endtime="20210629 21:00:27.031"/>
</suite>
<statistics>
<total>
<stat pass="8" fail="0" skip="0">All Tests</stat>
</total>
<tag>
</tag>
<suite>
<stat pass="8" fail="0" skip="0" id="s1" name="ExercicioVarDic">ExercicioVarDic</stat>
</suite>
</statistics>
<errors>
</errors>
</robot>
