<?xml version="1.0" encoding="UTF-8"?>
<robot generator="Robot 4.0.3 (Python 3.9.6 on win32)" generated="20210630 19:22:15.554" rpa="false" schemaversion="2">
<suite id="s1" name="Argumentos Retornos" source="C:\Users\Thiago\Documents\Projetos\PrimeExperts_junho_28_2021\argumentos_retornos\argumentos_retornos.robot">
<test id="s1-t1" name="Meu teste de soma">
<kw name="somar dois numeros">
<var>${resultado_da_soma}</var>
<arg>1</arg>
<arg>2</arg>
<kw name="Evaluate" library="BuiltIn">
<var>${resultado_da_expressao}</var>
<arg>${primeiro_num}+${segundo_num}</arg>
<doc>Evaluates the given expression in Python and returns the result.</doc>
<msg timestamp="20210630 19:22:15.673" level="INFO">${resultado_da_expressao} = 3</msg>
<status status="PASS" starttime="20210630 19:22:15.672" endtime="20210630 19:22:15.673"/>
</kw>
<kw name="Log To Console" library="BuiltIn">
<arg>${\n}O resultado é: ${resultado_da_expressao}</arg>
<doc>Logs the given message to the console.</doc>
<status status="PASS" starttime="20210630 19:22:15.674" endtime="20210630 19:22:15.677"/>
</kw>
<msg timestamp="20210630 19:22:15.678" level="INFO">${resultado_da_soma} = 3</msg>
<status status="PASS" starttime="20210630 19:22:15.670" endtime="20210630 19:22:15.678"/>
</kw>
<kw name="Log" library="BuiltIn">
<arg>${resultado_da_soma}</arg>
<doc>Logs the given message with the given level.</doc>
<msg timestamp="20210630 19:22:15.679" level="INFO">3</msg>
<status status="PASS" starttime="20210630 19:22:15.679" endtime="20210630 19:22:15.679"/>
</kw>
<kw name="somar dois numeros">
<var>${resultado_da_soma}</var>
<arg>${resultado_da_soma}</arg>
<arg>4</arg>
<kw name="Evaluate" library="BuiltIn">
<var>${resultado_da_expressao}</var>
<arg>${primeiro_num}+${segundo_num}</arg>
<doc>Evaluates the given expression in Python and returns the result.</doc>
<msg timestamp="20210630 19:22:15.683" level="INFO">${resultado_da_expressao} = 7</msg>
<status status="PASS" starttime="20210630 19:22:15.682" endtime="20210630 19:22:15.683"/>
</kw>
<kw name="Log To Console" library="BuiltIn">
<arg>${\n}O resultado é: ${resultado_da_expressao}</arg>
<doc>Logs the given message to the console.</doc>
<status status="PASS" starttime="20210630 19:22:15.683" endtime="20210630 19:22:15.684"/>
</kw>
<msg timestamp="20210630 19:22:15.684" level="INFO">${resultado_da_soma} = 7</msg>
<status status="PASS" starttime="20210630 19:22:15.680" endtime="20210630 19:22:15.684"/>
</kw>
<kw name="Log" library="BuiltIn">
<arg>${resultado_da_soma}</arg>
<doc>Logs the given message with the given level.</doc>
<msg timestamp="20210630 19:22:15.684" level="INFO">7</msg>
<status status="PASS" starttime="20210630 19:22:15.684" endtime="20210630 19:22:15.684"/>
</kw>
<status status="PASS" starttime="20210630 19:22:15.670" endtime="20210630 19:22:15.685"/>
</test>
<doc>testando argumentos e retornos</doc>
<status status="PASS" starttime="20210630 19:22:15.556" endtime="20210630 19:22:15.685"/>
</suite>
<statistics>
<total>
<stat pass="1" fail="0" skip="0">All Tests</stat>
</total>
<tag>
</tag>
<suite>
<stat pass="1" fail="0" skip="0" id="s1" name="Argumentos Retornos">Argumentos Retornos</stat>
</suite>
</statistics>
<errors>
</errors>
</robot>
