<?xml version="1.0" encoding="UTF-8"?>
<robot generator="Robot 4.0.3 (Python 3.8.10 on win32)" generated="20210704 18:14:04.039" rpa="false" schemaversion="2">
<suite id="s1" name="Argumentos Retornos" source="C:\Projetos\PrimeExperts_junho_28_2021\argumentos_retornos\argumentos_retornos.robot">
<test id="s1-t1" name="meu teste de soma">
<kw name="somar dois numeros">
<var>${resultado_da_soma}</var>
<arg>10</arg>
<arg>100</arg>
<kw name="Evaluate" library="BuiltIn">
<var>${resultado_da_expressao}</var>
<arg>${primeiro_num}+${segundo_num}</arg>
<doc>Evaluates the given expression in Python and returns the result.</doc>
<msg timestamp="20210704 18:14:04.266" level="INFO">${resultado_da_expressao} = 110</msg>
<status status="PASS" starttime="20210704 18:14:04.260" endtime="20210704 18:14:04.266"/>
</kw>
<kw name="Log To Console" library="BuiltIn">
<arg>${\n}O resultado é: ${resultado_da_expressao}</arg>
<doc>Logs the given message to the console.</doc>
<status status="PASS" starttime="20210704 18:14:04.267" endtime="20210704 18:14:04.272"/>
</kw>
<msg timestamp="20210704 18:14:04.273" level="INFO">${resultado_da_soma} = 110</msg>
<status status="PASS" starttime="20210704 18:14:04.258" endtime="20210704 18:14:04.274"/>
</kw>
<kw name="Log" library="BuiltIn">
<arg>${resultado_da_soma}</arg>
<doc>Logs the given message with the given level.</doc>
<msg timestamp="20210704 18:14:04.276" level="INFO">110</msg>
<status status="PASS" starttime="20210704 18:14:04.275" endtime="20210704 18:14:04.277"/>
</kw>
<kw name="somar dois numeros">
<var>${resultado_da_soma}</var>
<arg>${resultado_da_soma}</arg>
<arg>50</arg>
<kw name="Evaluate" library="BuiltIn">
<var>${resultado_da_expressao}</var>
<arg>${primeiro_num}+${segundo_num}</arg>
<doc>Evaluates the given expression in Python and returns the result.</doc>
<msg timestamp="20210704 18:14:04.284" level="INFO">${resultado_da_expressao} = 160</msg>
<status status="PASS" starttime="20210704 18:14:04.282" endtime="20210704 18:14:04.285"/>
</kw>
<kw name="Log To Console" library="BuiltIn">
<arg>${\n}O resultado é: ${resultado_da_expressao}</arg>
<doc>Logs the given message to the console.</doc>
<status status="PASS" starttime="20210704 18:14:04.285" endtime="20210704 18:14:04.290"/>
</kw>
<msg timestamp="20210704 18:14:04.292" level="INFO">${resultado_da_soma} = 160</msg>
<status status="PASS" starttime="20210704 18:14:04.280" endtime="20210704 18:14:04.292"/>
</kw>
<kw name="Log" library="BuiltIn">
<arg>${resultado_da_soma}</arg>
<doc>Logs the given message with the given level.</doc>
<msg timestamp="20210704 18:14:04.297" level="INFO">160</msg>
<status status="PASS" starttime="20210704 18:14:04.295" endtime="20210704 18:14:04.297"/>
</kw>
<status status="PASS" starttime="20210704 18:14:04.255" endtime="20210704 18:14:04.299"/>
</test>
<doc>testando argumentos e retornos</doc>
<status status="PASS" starttime="20210704 18:14:04.049" endtime="20210704 18:14:04.318"/>
</suite>
<statistics>
<total>
<stat pass="1" fail="0" skip="0">All Tests</stat>
</total>
<tag>
</tag>
<suite>
<stat pass="1" fail="0" skip="0" id="s1" name="Argumentos Retornos">Argumentos Retornos</stat>
</suite>
</statistics>
<errors>
</errors>
</robot>
